<?xml version="1.0" encoding="UTF-8"?>
<!-- Generated by org.testng.reporters.JUnitReportReporter -->
<testsuite hostname="LAPTOP-NRV2GCL6" failures="0" tests="1" name="docmanage.DeleteDocTest" time="39.054" errors="0" timestamp="22 Feb 2021 03:11:59 GMT" skipped="0">
  <testcase classname="docmanage.DeleteDocTest" name="deleteDocument" time="39.054"/>
</testsuite> <!-- docmanage.DeleteDocTest -->
