<?xml version="1.0" encoding="UTF-8"?>
<!-- Generated by org.testng.reporters.JUnitReportReporter -->
<testsuite hostname="LAPTOP-NRV2GCL6" failures="0" tests="1" name="com.testing.end2endproject.NewTest" time="21.775" errors="0" timestamp="22 2æœˆ 2021 07:33:22 GMT" skipped="0">
  <testcase classname="com.testing.end2endproject.NewTest" name="f" time="21.775"/>
</testsuite> <!-- com.testing.end2endproject.NewTest -->
